<?xml version="1.0" encoding="UTF-8"?>
<!-- Generated by org.testng.reporters.JUnitReportReporter -->
<testsuite hostname="idea-PC" failures="0" tests="1" name="Advantages_Testng.Assert_Equals" time="0.014" errors="0" timestamp="2022-08-23T17:32:12 IST" skipped="0">
  <testcase classname="Advantages_Testng.Assert_Equals" name="TC1" time="0.014"/>
  <system-out>
    <![CDATA[TC1 is Running]]>
  </system-out>
</testsuite> <!-- Advantages_Testng.Assert_Equals -->
