<?xml version="1.0" encoding="UTF-8"?>
<!-- Generated by org.testng.reporters.JUnitReportReporter -->
<testsuite hostname="idea-PC" failures="0" tests="1" name="Testng_POM_class.KiteTest" time="2.090" errors="0" timestamp="2022-08-24T18:14:40 IST" skipped="0">
  <testcase classname="Testng_POM_class.KiteTest" name="verifyuserID" time="2.090"/>
  <system-out>
    <![CDATA[Running verify user id]]>
  </system-out>
</testsuite> <!-- Testng_POM_class.KiteTest -->
