<?xml version="1.0" encoding="UTF-8"?>
<!-- Generated by org.testng.reporters.JUnitReportReporter -->
<testsuite hostname="idea-PC" failures="0" tests="1" name="Parallel_Testing.A" time="12.249" errors="0" timestamp="2022-08-23T17:26:01 IST" skipped="0">
  <testcase classname="Parallel_Testing.A" name="TC1" time="12.249"/>
  <system-out/>
</testsuite> <!-- Parallel_Testing.A -->
