<?xml version="1.0" encoding="UTF-8"?>
<!-- Generated by org.testng.reporters.JUnitReportReporter -->
<testsuite hostname="idea-PC" failures="0" tests="1" name="Advantages_Testng.False" time="0.013" errors="0" timestamp="2022-08-23T18:11:10 IST" skipped="0">
  <testcase classname="Advantages_Testng.False" name="TC1" time="0.013"/>
  <system-out>
    <![CDATA[Running TC1]]>
  </system-out>
</testsuite> <!-- Advantages_Testng.False -->
