<?xml version="1.0" encoding="UTF-8"?>
<!-- Generated by org.testng.reporters.JUnitReportReporter -->
<testsuite hostname="idea-PC" failures="0" tests="1" name="TestNG.Annotation" time="0.014" errors="0" timestamp="2022-08-17T21:19:18 IST" skipped="0">
  <testcase classname="TestNG.Annotation" name="verifyID" time="0.014"/>
  <system-out>
    <![CDATA[verify user id]]>
  </system-out>
</testsuite> <!-- TestNG.Annotation -->
