<?xml version="1.0" encoding="UTF-8"?>
<!-- Generated by org.testng.reporters.JUnitReportReporter -->
<testsuite hostname="idea-PC" failures="0" tests="1" name="TestNG.Emailable" time="0.011" errors="0" timestamp="2022-08-25T17:53:25 IST" skipped="0">
  <testcase classname="TestNG.Emailable" name="tc" time="0.011"/>
  <system-out>
    <![CDATA[HII]]>
  </system-out>
</testsuite> <!-- TestNG.Emailable -->
