<?xml version="1.0" encoding="UTF-8"?>
<!-- Generated by org.testng.reporters.JUnitReportReporter -->
<testsuite hostname="idea-PC" failures="0" tests="1" name="Parallel_Testing.B" time="21.761" errors="0" timestamp="2022-08-23T17:26:01 IST" skipped="0">
  <testcase classname="Parallel_Testing.B" name="TC2" time="21.761"/>
  <system-out/>
</testsuite> <!-- Parallel_Testing.B -->
